C51 COMPILER V9.54   MAIN                                                                  10/09/2022 17:54:11 PAGE 1   


C51 COMPILER V9.54, COMPILATION OF MODULE MAIN
OBJECT MODULE PLACED IN .\Objects\main.obj
COMPILER INVOKED BY: D:\Keil5\C51\BIN\C51.EXE main.c OPTIMIZE(8,SPEED) BROWSE DEBUG OBJECTEXTEND PRINT(.\Listings\main.l
                    -st) TABS(2) OBJECT(.\Objects\main.obj)

line level    source

   1          #include <reg52.h>
   2          #define uchar unsigned char
   3          #define uint unsigned int
   4          unsigned char flag=0,a,i;
   5          unsigned char table_yin[]={0x3f,0x06,0x5b,0x4f,0x66,0x6d,0x7d,0x07,
   6                                     0x7f,0x6f,0x77,0x7c,0x39,0x5e,0x79,0x71};
   7          void Serial_comInit()
   8          {
   9   1      
  10   1        TMOD=0X20;
  11   1        TH1=0XF3;
  12   1        TL1=0XFD;
  13   1        TR1=1;
  14   1        SM0=1;
  15   1        REN=1;
  16   1        SM1=1;
  17   1        EA=1;
  18   1        ES=1;
  19   1        }
  20          void main()
  21          {
  22   1        Serial_comInit();
  23   1        while(1)
  24   1        {
  25   2          if(flag==1)
  26   2          {
  27   3          
  28   3            P0=table_yin[a];
  29   3            P2=0;
  30   3          
  31   3          
  32   3          
  33   3          }
  34   2        
  35   2        
  36   2        
  37   2        } 
  38   1      
  39   1      }
  40          
  41          
  42          void ser() interrupt 4
  43          {
  44   1        if(RI==1)
  45   1        {
  46   2          RI=0;
  47   2          a=SBUF;
  48   2          flag=1;
  49   2        }
  50   1      }


MODULE INFORMATION:   STATIC OVERLAYABLE
   CODE SIZE        =     55    ----
C51 COMPILER V9.54   MAIN                                                                  10/09/2022 17:54:11 PAGE 2   

   CONSTANT SIZE    =   ----    ----
   XDATA SIZE       =   ----    ----
   PDATA SIZE       =   ----    ----
   DATA SIZE        =     19    ----
   IDATA SIZE       =   ----    ----
   BIT SIZE         =   ----    ----
END OF MODULE INFORMATION.


C51 COMPILATION COMPLETE.  0 WARNING(S),  0 ERROR(S)
