C51 COMPILER V9.54   MAIN                                                                  10/08/2022 15:50:48 PAGE 1   


C51 COMPILER V9.54, COMPILATION OF MODULE MAIN
OBJECT MODULE PLACED IN .\Objects\main.obj
COMPILER INVOKED BY: D:\Keil5\C51\BIN\C51.EXE main.c OPTIMIZE(8,SPEED) BROWSE DEBUG OBJECTEXTEND PRINT(.\Listings\main.l
                    -st) TABS(2) OBJECT(.\Objects\main.obj)

line level    source

   1          #include <REGX51.H>
   2          unsigned char duanma[]={0x3F,0x06,0x5B,0x4F,0x66,0x6D,0x7D,0x07,0x7F,0x6F,0x77,0x7C,0x39,0x5E,0x79,0x71};
   3          sbit L1=P2^1;
   4          sbit L0=P2^0;
   5          
   6          void delay()
   7          {
   8   1        unsigned int i,j;
   9   1        for(i=0;i<100;i++);
  10   1        for(j=0;j<10;j++);
  11   1      }
  12          
  13          void shuzi(unsigned int x)
  14          {
  15   1          P1=0x00;
  16   1          L1=0;
  17   1          L0=1;
  18   1          P1=duanma[x%10];
  19   1          delay();
  20   1            
  21   1          L1=1;
  22   1          L0=0;
  23   1          P1=duanma[x/10];
  24   1          delay();
  25   1      }
  26          
  27          void main()
  28          {
  29   1        while(1)
  30   1          shuzi(10); 
  31   1      }
  32          
  33          
  34          


MODULE INFORMATION:   STATIC OVERLAYABLE
   CODE SIZE        =     94    ----
   CONSTANT SIZE    =   ----    ----
   XDATA SIZE       =   ----    ----
   PDATA SIZE       =   ----    ----
   DATA SIZE        =     16    ----
   IDATA SIZE       =   ----    ----
   BIT SIZE         =   ----    ----
END OF MODULE INFORMATION.


C51 COMPILATION COMPLETE.  0 WARNING(S),  0 ERROR(S)
