C51 COMPILER V9.54   MAIN                                                                  10/09/2022 17:55:59 PAGE 1   


C51 COMPILER V9.54, COMPILATION OF MODULE MAIN
OBJECT MODULE PLACED IN .\Objects\main.obj
COMPILER INVOKED BY: D:\Keil5\C51\BIN\C51.EXE main.c OPTIMIZE(8,SPEED) BROWSE DEBUG OBJECTEXTEND PRINT(.\Listings\main.l
                    -st) TABS(2) OBJECT(.\Objects\main.obj)

line level    source

   1          #include <reg52.h>
   2          #define uchar unsigned char
   3          #define uint unsigned int
   4          unsigned char flag,a,i;
   5          unsigned char table_yin[]={0x3f,0x06,0x5b,0x4f,0x66,0x6d,0x7d,0x07,
   6                                     0x7f,0x6f,0x77,0x7c,0x39,0x5e,0x79,0x71};
   7          void Serial_comInit()
   8          {
   9   1      
  10   1        TMOD=0X20;
  11   1        TH1=0XF3;
  12   1        TL1=0XFD;
  13   1        TR1=1;
  14   1        SM0=1;
  15   1        REN=1;
  16   1        SM1=1;
  17   1        //EA=1;
  18   1        //ES=1;
  19   1        }
  20          void send(char x)
  21          {
  22   1        SBUF = x;
  23   1        while(!TI);
  24   1        TI=0;
  25   1      }
  26          
  27          
  28          void main()
  29          {
  30   1        Serial_comInit();
  31   1        send(5);
  32   1        while(1)
  33   1        {
  34   2          
  35   2        }
  36   1      }


MODULE INFORMATION:   STATIC OVERLAYABLE
   CODE SIZE        =     36    ----
   CONSTANT SIZE    =   ----    ----
   XDATA SIZE       =   ----    ----
   PDATA SIZE       =   ----    ----
   DATA SIZE        =     19    ----
   IDATA SIZE       =   ----    ----
   BIT SIZE         =   ----    ----
END OF MODULE INFORMATION.


C51 COMPILATION COMPLETE.  0 WARNING(S),  0 ERROR(S)
