C51 COMPILER V9.54   MAIN                                                                  10/07/2022 19:27:42 PAGE 1   


C51 COMPILER V9.54, COMPILATION OF MODULE MAIN
OBJECT MODULE PLACED IN .\Objects\main.obj
COMPILER INVOKED BY: D:\Keil5\C51\BIN\C51.EXE main.c OPTIMIZE(8,SPEED) BROWSE INCDIR(..\1.0Ä£¿é»¯±à³Ì) DEBUG OBJECTEXTEN
                    -D PRINT(.\Listings\main.lst) TABS(2) OBJECT(.\Objects\main.obj)

line level    source

   1          #include <REGX51.H>
   2          
   3          
   4          unsigned char led_mod[] = {0x3f,0x06,0x5b,0x4f,0x66,0x6d,0x7d,0x07,0x7f,0x6f};
   5          void delay(unsigned int time);
   6          void display(unsigned s0,unsigned s1);
   7          
   8           sbit L0=P2^0;
   9           sbit L1=P2^1;
  10          
  11          void main(void)
  12           {   
  13   1         // Write your code here
  14   1         while (1)
  15   1             display(2,10);
  16   1      
  17   1       }
  18          
  19          void delay(unsigned int time)
  20           {
  21   1          unsigned int j=0;
  22   1          for(;time>0;time--)
  23   1             for(j=0;j<125;j++);   
  24   1       }
  25          
  26          
  27           
  28           
  29           void display(unsigned s0,unsigned s1)
  30          {
  31   1         unsigned  int m,n,dly,i;
  32   1         
  33   1         for(m=0;m<s0;m++)
  34   1            for(n=0;n<s1;n++)
  35   1         for(dly=0;dly<17;dly++)
  36   1            for(i=0;i<2;i++)
  37   1            {
  38   2               switch(i)
  39   2               {
  40   3                 case(0):
  41   3                   L0=0;L1=1;
  42   3                   P1=led_mod[m];
  43   3                   break;
  44   3                 case(1):
  45   3                   L0=1;L1=0; 
  46   3                   P1=led_mod[n];
  47   3                  break;
  48   3               }
  49   2               
  50   2               delay(29);
  51   2               P1=0x00;
  52   2            }
  53   1      
  54   1      }
C51 COMPILER V9.54   MAIN                                                                  10/07/2022 19:27:42 PAGE 2   

  55          


MODULE INFORMATION:   STATIC OVERLAYABLE
   CODE SIZE        =    183    ----
   CONSTANT SIZE    =   ----    ----
   XDATA SIZE       =   ----    ----
   PDATA SIZE       =   ----    ----
   DATA SIZE        =     10      10
   IDATA SIZE       =   ----    ----
   BIT SIZE         =   ----    ----
END OF MODULE INFORMATION.


C51 COMPILATION COMPLETE.  0 WARNING(S),  0 ERROR(S)
