C51 COMPILER V9.54   INITCOUNTER1                                                          10/07/2022 13:18:10 PAGE 1   


C51 COMPILER V9.54, COMPILATION OF MODULE INITCOUNTER1
OBJECT MODULE PLACED IN .\Objects\initcounter1.obj
COMPILER INVOKED BY: D:\Keil5\C51\BIN\C51.EXE initcounter1.c OPTIMIZE(8,SPEED) BROWSE DEBUG OBJECTEXTEND PRINT(.\Listing
                    -s\initcounter1.lst) TABS(2) OBJECT(.\Objects\initcounter1.obj)

line level    source

   1          #include <REGX51.H>
   2          
   3          void initcounter1(unsigned int x)
   4          {
   5   1        TMOD=0x06;
   6   1        TH0=256-x;
   7   1        TL0=256-x;
   8   1        ET0=1;
   9   1        EA=1;
  10   1        TR0=1;
  11   1      }
  12          
  13          // void counter_isr() interrupt 1
  14          //{
  15          //  
  16          //}


MODULE INFORMATION:   STATIC OVERLAYABLE
   CODE SIZE        =     17    ----
   CONSTANT SIZE    =   ----    ----
   XDATA SIZE       =   ----    ----
   PDATA SIZE       =   ----    ----
   DATA SIZE        =   ----    ----
   IDATA SIZE       =   ----    ----
   BIT SIZE         =   ----    ----
END OF MODULE INFORMATION.


C51 COMPILATION COMPLETE.  0 WARNING(S),  0 ERROR(S)
