C51 COMPILER V9.54   KEY                                                                   10/07/2022 13:18:10 PAGE 1   


C51 COMPILER V9.54, COMPILATION OF MODULE KEY
OBJECT MODULE PLACED IN .\Objects\Key.obj
COMPILER INVOKED BY: D:\Keil5\C51\BIN\C51.EXE Key.c OPTIMIZE(8,SPEED) BROWSE DEBUG OBJECTEXTEND PRINT(.\Listings\Key.lst
                    -) TABS(2) OBJECT(.\Objects\Key.obj)

line level    source

   1          #include <REGX51.H>
   2          #include"Delay.h"
   3          
   4          unsigned char Key()
   5          {
   6   1        unsigned char KeyNumber=99;
   7   1        
   8   1        if(P1_0==0) {Delay(20);while(P1_0==0);Delay(20);KeyNumber=0;}
   9   1        if(P1_1==0) {Delay(20);while(P1_1==0);Delay(20);KeyNumber=1;}
  10   1        if(P1_2==0) {Delay(20);while(P1_2==0);Delay(20);KeyNumber=2;}
  11   1        if(P1_3==0) {Delay(20);while(P1_3==0);Delay(20);KeyNumber=3;}
  12   1        
  13   1        return KeyNumber;
  14   1      }


MODULE INFORMATION:   STATIC OVERLAYABLE
   CODE SIZE        =     98    ----
   CONSTANT SIZE    =   ----    ----
   XDATA SIZE       =   ----    ----
   PDATA SIZE       =   ----    ----
   DATA SIZE        =   ----       1
   IDATA SIZE       =   ----    ----
   BIT SIZE         =   ----    ----
END OF MODULE INFORMATION.


C51 COMPILATION COMPLETE.  0 WARNING(S),  0 ERROR(S)
