C51 COMPILER V9.54   KEYSCAN                                                               10/08/2022 21:34:41 PAGE 1   


C51 COMPILER V9.54, COMPILATION OF MODULE KEYSCAN
OBJECT MODULE PLACED IN .\Objects\keyscan.obj
COMPILER INVOKED BY: D:\Keil5\C51\BIN\C51.EXE keyscan.c OPTIMIZE(8,SPEED) BROWSE DEBUG OBJECTEXTEND PRINT(.\Listings\key
                    -scan.lst) TABS(2) OBJECT(.\Objects\keyscan.obj)

line level    source

   1          #include <REGX51.H>
   2          unsigned char key=99;
   3          void delay(unsigned int n)
   4          {
   5   1        unsigned int i=0,j=0;
   6   1        for(i=0;i<n;i++)
   7   1        {
   8   2          for(j=0;j<120;j++);
   9   2        }
  10   1      }
  11          
  12          
  13          void keyscan()
  14          { 
  15   1        unsigned char temp0=0,temp1=0,temp=0;
  16   1        P1=0xf0;
  17   1        if(P1!=0xf0)
  18   1        {
  19   2          delay(20);
  20   2          temp0=P1;
  21   2          P1=0x0f;
  22   2          if(P1!=0x0f)
  23   2          {
  24   3            temp1=P1;
  25   3          }
  26   2        }
  27   1        temp=temp0+temp1;
  28   1        switch(temp)
  29   1        {
  30   2          case 0xee: key=0;break;
  31   2          case 0xde: key=1;break;
  32   2          case 0xbe: key=2;break;
  33   2          case 0x7e: key=3;break;
  34   2          case 0xed: key=4;break;
  35   2          case 0xdd: key=5;break;
  36   2          case 0xbd: key=6;break;
  37   2          case 0x7d: key=7;break;
  38   2          case 0xeb: key=8;break;
  39   2          case 0xdb: key=9;break;
  40   2          case 0xbb: key=10;break;
  41   2          case 0x7b: key=11;break;
  42   2          case 0xe7: key=12;break;
  43   2          case 0xd7: key=13;break;
  44   2          case 0xb7: key=14;break;
  45   2          case 0x77: key=15;break;
  46   2        }
  47   1      }
  48          
  49          


MODULE INFORMATION:   STATIC OVERLAYABLE
   CODE SIZE        =    189    ----
   CONSTANT SIZE    =   ----    ----
C51 COMPILER V9.54   KEYSCAN                                                               10/08/2022 21:34:41 PAGE 2   

   XDATA SIZE       =   ----    ----
   PDATA SIZE       =   ----    ----
   DATA SIZE        =      1       1
   IDATA SIZE       =   ----    ----
   BIT SIZE         =   ----    ----
END OF MODULE INFORMATION.


C51 COMPILATION COMPLETE.  0 WARNING(S),  0 ERROR(S)
