C51 COMPILER V9.54   MAIN                                                                  10/08/2022 21:34:41 PAGE 1   


C51 COMPILER V9.54, COMPILATION OF MODULE MAIN
OBJECT MODULE PLACED IN .\Objects\main.obj
COMPILER INVOKED BY: D:\Keil5\C51\BIN\C51.EXE main.c OPTIMIZE(8,SPEED) BROWSE DEBUG OBJECTEXTEND PRINT(.\Listings\main.l
                    -st) TABS(2) OBJECT(.\Objects\main.obj)

line level    source

   1          #include <REGX51.H>
   2          #include<INTRINS.H>
   3          #include"keyscan.h"
   4          #include"display.h"
   5          
   6          //unsigned char ledmode=0,KeyNumber=0;
   7          //void Timer0_Routine() interrupt 1
   8          //{
   9          //  static unsigned int count;
  10          //  TH0=0xFC;
  11          //  TL0=0x18;
  12          //  count++;
  13          //  if(count=1000)
  14          //  {
  15          //    count=0;
  16          //    if(ledmode==0)
  17          //      P2=_crol_(P2,1);
  18          //    if(ledmode==1)
  19          //      P2=_cror_(P2,1);
  20          //  }
  21          //}
  22          
  23          
  24          
  25          //void main()
  26          //{
  27          //  P2=0xfe;
  28          //  Timer0Init();
  29          //      while(1)
  30          //      {
  31          //        KeyNumber=Key();
  32          //        if(KeyNumber)
  33          //        {
  34          //            if(KeyNumber==1)
  35          //            {
  36          //              ledmode++;
  37          //              if(ledmode=2)
  38          //                ledmode=0;
  39          //            }
  40          //        }
  41          //      }
  42          //}
  43          
  44          //void main()
  45          //{
  46          //  UartInit();
  47          //  UartSend(0xfe);
  48          //  while(1)
  49          //  {
  50          //    
  51          //  }
  52          //}
  53          
  54          void main()
C51 COMPILER V9.54   MAIN                                                                  10/08/2022 21:34:41 PAGE 2   

  55          {
  56   1        while(1)
  57   1        {
  58   2          keyscan();
  59   2        }
  60   1      }


MODULE INFORMATION:   STATIC OVERLAYABLE
   CODE SIZE        =      5    ----
   CONSTANT SIZE    =   ----    ----
   XDATA SIZE       =   ----    ----
   PDATA SIZE       =   ----    ----
   DATA SIZE        =   ----    ----
   IDATA SIZE       =   ----    ----
   BIT SIZE         =   ----    ----
END OF MODULE INFORMATION.


C51 COMPILATION COMPLETE.  0 WARNING(S),  0 ERROR(S)
