C51 COMPILER V9.54   SHUZI                                                                 10/08/2022 15:53:10 PAGE 1   


C51 COMPILER V9.54, COMPILATION OF MODULE SHUZI
OBJECT MODULE PLACED IN .\Objects\shuzi.obj
COMPILER INVOKED BY: D:\Keil5\C51\BIN\C51.EXE shuzi.c OPTIMIZE(8,SPEED) BROWSE DEBUG OBJECTEXTEND PRINT(.\Listings\shuzi
                    -.lst) TABS(2) OBJECT(.\Objects\shuzi.obj)

line level    source

   1          #include <REGX51.H>
   2          
   3          unsigned char duanma[]={0x3F,0x06,0x5B,0x4F,0x66,0x6D,0x7D,0x07,0x7F,0x6F,0x77,0x7C,0x39,0x5E,0x79,0x71};
   4          sbit L1=P2^1;
   5          sbit L0=P2^0;
   6          
   7          void delay1()
   8          {
   9   1        unsigned int i,j;
  10   1        for(i=0;i<100;i++);
  11   1        for(j=0;j<10;j++);
  12   1      }
  13          
  14          void shuzi(unsigned int x)
  15          {
  16   1          P1=0x00;
  17   1          L1=0;
  18   1          L0=1;
  19   1          P1=duanma[x%10];
  20   1          delay1();
  21   1            
  22   1          L1=1;
  23   1          L0=0;
  24   1          P1=duanma[x/10];
  25   1          delay1();
  26   1      }


MODULE INFORMATION:   STATIC OVERLAYABLE
   CODE SIZE        =     85    ----
   CONSTANT SIZE    =   ----    ----
   XDATA SIZE       =   ----    ----
   PDATA SIZE       =   ----    ----
   DATA SIZE        =     16    ----
   IDATA SIZE       =   ----    ----
   BIT SIZE         =   ----    ----
END OF MODULE INFORMATION.


C51 COMPILATION COMPLETE.  0 WARNING(S),  0 ERROR(S)
