C51 COMPILER V9.54   TIMER0                                                                10/07/2022 13:18:10 PAGE 1   


C51 COMPILER V9.54, COMPILATION OF MODULE TIMER0
OBJECT MODULE PLACED IN .\Objects\Timer0.obj
COMPILER INVOKED BY: D:\Keil5\C51\BIN\C51.EXE Timer0.c OPTIMIZE(8,SPEED) BROWSE DEBUG OBJECTEXTEND PRINT(.\Listings\Time
                    -r0.lst) TABS(2) OBJECT(.\Objects\Timer0.obj)

line level    source

   1          #include <REGX51.H>
   2          
   3          
   4          void Timer0Init(void)     //1ms
   5          {
   6   1        TMOD=TMOD&0XF0;      //低四位清零，高四位不变 &=
   7   1        TMOD=TMOD|0X01;      //最低位放置1，高四位不变 |=
   8   1        TF0=0;
   9   1        TR0=1;
  10   1        TH0=0xFC;           //64535/256
  11   1        TL0=0x18;           //64535%256+1
  12   1        ET0=1;
  13   1        EA=1;
  14   1        PT0=0;
  15   1      }
  16          
  17          
  18          //1s计时
  19          /*
  20          void Timer0_Routine() interrupt 1
  21          {
  22            static unsigned int count;
  23            TH0=0xFC;
  24            TL0=0x18;
  25            count++;
  26            if(count==1000)
  27            {
  28              count=0;
  29              
  30            }
  31          }
  32          */


MODULE INFORMATION:   STATIC OVERLAYABLE
   CODE SIZE        =     23    ----
   CONSTANT SIZE    =   ----    ----
   XDATA SIZE       =   ----    ----
   PDATA SIZE       =   ----    ----
   DATA SIZE        =   ----    ----
   IDATA SIZE       =   ----    ----
   BIT SIZE         =   ----    ----
END OF MODULE INFORMATION.


C51 COMPILATION COMPLETE.  0 WARNING(S),  0 ERROR(S)
