C51 COMPILER V9.54   UARTINIT                                                              10/07/2022 13:18:10 PAGE 1   


C51 COMPILER V9.54, COMPILATION OF MODULE UARTINIT
OBJECT MODULE PLACED IN .\Objects\UartInit.obj
COMPILER INVOKED BY: D:\Keil5\C51\BIN\C51.EXE UartInit.c OPTIMIZE(8,SPEED) BROWSE DEBUG OBJECTEXTEND PRINT(.\Listings\Ua
                    -rtInit.lst) TABS(2) OBJECT(.\Objects\UartInit.obj)

line level    source

   1          #include <REGX51.H>
   2          
   3          void UartInit(void)
   4          {
   5   1        PCON &= 0x7F;   
   6   1        SCON = 0x50;
   7   1        TMOD &= 0x0F;
   8   1        TMOD |= 0x20;
   9   1        TL1 = 0xF9;
  10   1        TH1 = 0xF9;
  11   1        ET1 = 0;
  12   1        TR1 = 1;
  13   1      }


MODULE INFORMATION:   STATIC OVERLAYABLE
   CODE SIZE        =     23    ----
   CONSTANT SIZE    =   ----    ----
   XDATA SIZE       =   ----    ----
   PDATA SIZE       =   ----    ----
   DATA SIZE        =   ----    ----
   IDATA SIZE       =   ----    ----
   BIT SIZE         =   ----    ----
END OF MODULE INFORMATION.


C51 COMPILATION COMPLETE.  0 WARNING(S),  0 ERROR(S)
