C51 COMPILER V9.54   MAIN                                                                  10/05/2022 17:13:05 PAGE 1   


C51 COMPILER V9.54, COMPILATION OF MODULE MAIN
OBJECT MODULE PLACED IN .\Objects\main.obj
COMPILER INVOKED BY: D:\Keil5\C51\BIN\C51.EXE main.c OPTIMIZE(8,SPEED) BROWSE INCDIR(..\Ä£¿é»¯±à³Ì) DEBUG OBJECTEXTEND P
                    -RINT(.\Listings\main.lst) TABS(2) OBJECT(.\Objects\main.obj)

line level    source

   1          #include <REGX51.H>
   2          #include"Delay.h"
   3          #include"display.h"
   4          #include"place.h"
   5          #include"play.h"
   6          #include"Timer0.h"
   7          #include"Key.h"
   8          #include<INTRINS.H>
   9          
  10          int i=0,num=0;
  11          void Timer0_Routine() interrupt 1
  12          {
  13   1        static unsigned int count;
  14   1        TH0=0xFC;
  15   1        TL0=0x18;
  16   1        count++;
  17   1        if(count==1000)
  18   1        {
  19   2          count=0;
  20   2          num++;
  21   2        }
  22   1      }
  23          
  24          void main()
  25          {
  26   1        Timer0Init();
  27   1        while(1)
  28   1        {
  29   2          if(num==10)
  30   2            num=0;
  31   2          display(num);
  32   2        }
  33   1      }


MODULE INFORMATION:   STATIC OVERLAYABLE
   CODE SIZE        =     69    ----
   CONSTANT SIZE    =   ----    ----
   XDATA SIZE       =   ----    ----
   PDATA SIZE       =   ----    ----
   DATA SIZE        =      6    ----
   IDATA SIZE       =   ----    ----
   BIT SIZE         =   ----    ----
END OF MODULE INFORMATION.


C51 COMPILATION COMPLETE.  0 WARNING(S),  0 ERROR(S)
