C51 COMPILER V9.54   MAIN                                                                  10/07/2022 13:49:16 PAGE 1   


C51 COMPILER V9.54, COMPILATION OF MODULE MAIN
OBJECT MODULE PLACED IN .\Objects\main.obj
COMPILER INVOKED BY: D:\Keil5\C51\BIN\C51.EXE main.c OPTIMIZE(8,SPEED) BROWSE INCDIR(..\1.0Ä£¿é»¯±à³Ì) DEBUG OBJECTEXTEN
                    -D PRINT(.\Listings\main.lst) TABS(2) OBJECT(.\Objects\main.obj)

line level    source

   1          #include <REGX51.H>
   2          #include"Timer0.h"
   3          #include"Delay.h"
   4          #include"shuzi.h"
   5          
   6          unsigned char ledmod[]={0x6f,0x7f,0x07,0x7d,0x6d,0x66,0x4f,0x5b,0x06,0x3f};
   7          sbit L0=P2^0;
   8          sbit L1=P2^1;
   9          unsigned int i=0;
  10          
  11          void display(unsigned int x)
  12          {
  13   1        L0=1;
  14   1        L1=0;
  15   1        P1=ledmod[x];
  16   1      }
  17          
  18          void Timer0_Routine() interrupt 1
  19          {
  20   1        static unsigned int count;
  21   1        TH0=0xFC;
  22   1        TL0=0x18;
  23   1        count++;
  24   1        if(count==1000)
  25   1        {
  26   2          count=0;
  27   2          for(i=0;i<10;i++)
  28   2          {display(i);Delay(1000);}
  29   2        }
  30   1      }
  31          
  32          
  33          
  34          void main()
  35          {
  36   1        Timer0Init();
  37   1        while(1)
  38   1        {
  39   2          shuzi(10);
  40   2        }
  41   1      }
  42          
  43          
  44          
  45          
  46          


MODULE INFORMATION:   STATIC OVERLAYABLE
   CODE SIZE        =    145    ----
   CONSTANT SIZE    =   ----    ----
   XDATA SIZE       =   ----    ----
   PDATA SIZE       =   ----    ----
   DATA SIZE        =     14    ----
C51 COMPILER V9.54   MAIN                                                                  10/07/2022 13:49:16 PAGE 2   

   IDATA SIZE       =   ----    ----
   BIT SIZE         =   ----    ----
END OF MODULE INFORMATION.


C51 COMPILATION COMPLETE.  0 WARNING(S),  0 ERROR(S)
