C51 COMPILER V9.54   MAIN                                                                  10/05/2022 20:51:49 PAGE 1   


C51 COMPILER V9.54, COMPILATION OF MODULE MAIN
OBJECT MODULE PLACED IN .\Objects\main.obj
COMPILER INVOKED BY: D:\Keil5\C51\BIN\C51.EXE main.c OPTIMIZE(8,SPEED) BROWSE INCDIR(..\Ä£¿é»¯±à³Ì) DEBUG OBJECTEXTEND P
                    -RINT(.\Listings\main.lst) TABS(2) OBJECT(.\Objects\main.obj)

line level    source

   1          #include <REGX51.H>
   2          #include"display.h"
   3          #include<INTRINS.H>
   4          #include"initcounter1.h"
   5          
   6          unsigned char num=0;
   7          void counter_isr() interrupt 1
   8          {
   9   1        num++;
  10   1        if(num==10)
  11   1          num=0;
  12   1      }
  13          
  14          
  15          void main()
  16          {
  17   1        initcounter1(2);
  18   1        while(1)
  19   1        {
  20   2          display(num);
  21   2        }
  22   1      }


MODULE INFORMATION:   STATIC OVERLAYABLE
   CODE SIZE        =     35    ----
   CONSTANT SIZE    =   ----    ----
   XDATA SIZE       =   ----    ----
   PDATA SIZE       =   ----    ----
   DATA SIZE        =      1    ----
   IDATA SIZE       =   ----    ----
   BIT SIZE         =   ----    ----
END OF MODULE INFORMATION.


C51 COMPILATION COMPLETE.  0 WARNING(S),  0 ERROR(S)
