C51 COMPILER V9.54   KEYSCAN                                                               10/08/2022 15:57:39 PAGE 1   


C51 COMPILER V9.54, COMPILATION OF MODULE KEYSCAN
OBJECT MODULE PLACED IN .\Objects\keyscan.obj
COMPILER INVOKED BY: D:\Keil5\C51\BIN\C51.EXE ..\1.0Ä£¿é»¯±à³Ì\keyscan.c OPTIMIZE(8,SPEED) BROWSE DEBUG OBJECTEXTEND PRI
                    -NT(.\Listings\keyscan.lst) TABS(2) OBJECT(.\Objects\keyscan.obj)

line level    source

   1          #include <REGX51.H>
   2          #include"Delay.h"
   3          
   4          unsigned char keyscan()
   5          {
   6   1        unsigned char key,Row,Col;
   7   1        P1=0x0f;
   8   1        if(P1!=0x0f)
   9   1        {
  10   2            Delay(10);
  11   2            if(P1!=0x0f)
  12   2            {
  13   3                Row=P1&0x0f;
  14   3                P1=0xf0;
  15   3                Col=P1&0xf0;
  16   3            }
  17   2            while((P1&0xf0)!=0xf0);
  18   2        }
  19   1        switch(Row+Col)
  20   1      {
  21   2          case 0xee:key=0;break;
  22   2          case 0xde:key=1;break;
  23   2          case 0xbe:key=2;break;
  24   2          case 0x7e:key=3;break;
  25   2          case 0xed:key=4;break;
  26   2          case 0xdd:key=5;break;
  27   2          case 0xbd:key=6;break;
  28   2          case 0x7d:key=7;break;
  29   2          case 0xeb:key=8;break;
  30   2          case 0xdb:key=9;break;
  31   2          case 0xbb:key=10;break;
  32   2          case 0x7b:key=11;break;
  33   2          case 0xe7:key=12;break;
  34   2          case 0xd7:key=13;break;
  35   2          case 0xb7:key=14;break;
  36   2          case 0x77:key=15;break;
  37   2        }
  38   1        return key;
  39   1      }


MODULE INFORMATION:   STATIC OVERLAYABLE
   CODE SIZE        =    185    ----
   CONSTANT SIZE    =   ----    ----
   XDATA SIZE       =   ----    ----
   PDATA SIZE       =   ----    ----
   DATA SIZE        =   ----       3
   IDATA SIZE       =   ----    ----
   BIT SIZE         =   ----    ----
END OF MODULE INFORMATION.


C51 COMPILATION COMPLETE.  0 WARNING(S),  0 ERROR(S)
