C51 COMPILER V9.54   SHUZI                                                                 10/08/2022 21:42:37 PAGE 1   


C51 COMPILER V9.54, COMPILATION OF MODULE SHUZI
OBJECT MODULE PLACED IN .\Objects\shuzi.obj
COMPILER INVOKED BY: D:\Keil5\C51\BIN\C51.EXE ..\1.0Ä£¿é»¯±à³Ì\shuzi.c OPTIMIZE(8,SPEED) BROWSE DEBUG OBJECTEXTEND PRINT
                    -(.\Listings\shuzi.lst) TABS(2) OBJECT(.\Objects\shuzi.obj)

line level    source

   1          #include <REGX51.H>
   2          #include"shuzi.h"
   3          
   4          unsigned char duanma[]={0x3F,0x06,0x5B,0x4F,0x66,0x6D,0x7D,0x07,0x7F,0x6F,0x77,0x7C,0x39,0x5E,0x79,0x71};
   5          sbit L1=P2^1;
   6          sbit L0=P2^0;
   7          
   8          void delay1()
   9          {
  10   1        unsigned int i,j;
  11   1        for(i=0;i<100;i++);
  12   1        for(j=0;j<10;j++);
  13   1      }
  14          
  15          void shuzi(unsigned int x)
  16          {
  17   1          P0=0x00;
  18   1          L1=0;
  19   1          L0=1;
  20   1          P0=duanma[x%10];
  21   1          delay1();
  22   1            
  23   1          L1=1;
  24   1          L0=0;
  25   1          P0=duanma[x/10];
  26   1          delay1();
  27   1      }


MODULE INFORMATION:   STATIC OVERLAYABLE
   CODE SIZE        =     85    ----
   CONSTANT SIZE    =   ----    ----
   XDATA SIZE       =   ----    ----
   PDATA SIZE       =   ----    ----
   DATA SIZE        =     16    ----
   IDATA SIZE       =   ----    ----
   BIT SIZE         =   ----    ----
END OF MODULE INFORMATION.


C51 COMPILATION COMPLETE.  0 WARNING(S),  0 ERROR(S)
