C51 COMPILER V9.54   MAIN                                                                  10/08/2022 20:24:25 PAGE 1   


C51 COMPILER V9.54, COMPILATION OF MODULE MAIN
OBJECT MODULE PLACED IN .\Objects\main.obj
COMPILER INVOKED BY: D:\Keil5\C51\BIN\C51.EXE main.c OPTIMIZE(8,SPEED) BROWSE INCDIR(..\1.0Ä£¿é»¯±à³Ì) DEBUG OBJECTEXTEN
                    -D PRINT(.\Listings\main.lst) TABS(2) OBJECT(.\Objects\main.obj)

line level    source

   1          #include <REGX51.H>
   2          #include"display.h"
   3          
   4          unsigned char key=99;
   5          void delay(unsigned int n)
   6          {
   7   1        unsigned int i=0,j=0;
   8   1        for(i=0;i<n;i++)
   9   1        {
  10   2          for(j=0;j<120;j++);
  11   2        }
  12   1      }
  13          
  14          
  15          void keyscan()
  16          { 
  17   1        unsigned char temp0=0,temp1=0,temp=0;
  18   1        P1=0xf0;
  19   1        if(P1!=0xf0)
  20   1        {
  21   2          delay(20);
  22   2          temp0=P1;
  23   2          P1=0x0f;
  24   2          if(P1!=0x0f)
  25   2          {
  26   3            temp1=P1;
  27   3          }
  28   2        }
  29   1        temp=temp0+temp1;
  30   1        switch(temp)
  31   1        {
  32   2          case 0xee: key=0;break;
  33   2          case 0xde: key=1;break;
  34   2          case 0xbe: key=2;break;
  35   2          case 0x7e: key=3;break;
  36   2          case 0xed: key=4;break;
  37   2          case 0xdd: key=5;break;
  38   2          case 0xbd: key=6;break;
  39   2          case 0x7d: key=7;break;
  40   2          case 0xeb: key=8;break;
  41   2          case 0xdb: key=9;break;
  42   2          case 0xbb: key=10;break;
  43   2          case 0x7b: key=11;break;
  44   2          case 0xe7: key=12;break;
  45   2          case 0xd7: key=13;break;
  46   2          case 0xb7: key=14;break;
  47   2          case 0x77: key=15;break;
  48   2        }
  49   1      }
  50          
  51          void main()
  52          {
  53   1        
  54   1        while(1)
C51 COMPILER V9.54   MAIN                                                                  10/08/2022 20:24:25 PAGE 2   

  55   1        {
  56   2          keyscan();
  57   2          display(key);
  58   2        }
  59   1      }


MODULE INFORMATION:   STATIC OVERLAYABLE
   CODE SIZE        =    201    ----
   CONSTANT SIZE    =   ----    ----
   XDATA SIZE       =   ----    ----
   PDATA SIZE       =   ----    ----
   DATA SIZE        =      1       1
   IDATA SIZE       =   ----    ----
   BIT SIZE         =   ----    ----
END OF MODULE INFORMATION.


C51 COMPILATION COMPLETE.  0 WARNING(S),  0 ERROR(S)
