C51 COMPILER V9.54   FUNCTIONS                                                             10/07/2022 14:00:38 PAGE 1   


C51 COMPILER V9.54, COMPILATION OF MODULE FUNCTIONS
OBJECT MODULE PLACED IN .\Objects\functions.obj
COMPILER INVOKED BY: D:\Keil5\C51\BIN\C51.EXE ..\1.0Ä£¿é»¯±à³Ì\functions.c OPTIMIZE(8,SPEED) BROWSE INCDIR(..\1.0Ä£¿é»¯±
                    -à³Ì) DEBUG OBJECTEXTEND PRINT(.\Listings\functions.lst) TABS(2) OBJECT(.\Objects\functions.obj)

line level    source

   1          #include <REGX51.H>
   2          
   3          void Delay(unsigned int xms)    
   4          {
   5   1        unsigned char i, j;
   6   1        while(xms--)
   7   1        {
   8   2          i = 2;
   9   2          j = 239;
  10   2          do
  11   2          {
  12   3            while (--j);
  13   3          } while (--i);
  14   2        }
  15   1        
  16   1      }
  17          
  18          unsigned char ch1[]={0x3f,0x06,0x5b,0x4f,0x66,0x6d,0x7d,0x07,0x7f,0x6f};
  19          
  20          void display(unsigned int x)
  21          {
  22   1        P2=ch1[x];
  23   1      }
  24          
  25          unsigned char ch2[]={0xFE,0xFD,0XFB,0xF7,0xEF,0xDF,0xBF,0x7F};
  26          
  27          void place(unsigned int x)
  28          {
  29   1        P3=ch2[x];
  30   1      }
  31          
  32          void play()
  33          {
  34   1        int i=0;
  35   1        for(i=0;i<10;i++)
  36   1        {
  37   2          display(i);
  38   2          Delay(500);
  39   2        }
  40   1      }
  41          
  42          void Timer0Init(void)     //1ms
  43          {
  44   1        TMOD=TMOD&0XF0;      //µÍËÄÎ»ÇåÁã£¬¸ßËÄÎ»²»±ä &=
  45   1        TMOD=TMOD|0X01;      //×îµÍÎ»·ÅÖÃ1£¬¸ßËÄÎ»²»±ä |=
  46   1        TF0=0;
  47   1        TR0=1;
  48   1        TH0=0xFC;           //64535/256
  49   1        TL0=0x18;           //64535%256+1
  50   1        ET0=1;
  51   1        EA=1;
  52   1        PT0=0;
  53   1      }
  54          
C51 COMPILER V9.54   FUNCTIONS                                                             10/07/2022 14:00:38 PAGE 2   

  55          
  56          //1s¼ÆÊ±
  57          /*
  58          void Timer0_Routine() interrupt 1
  59          {
  60            static unsigned int count;
  61            TH0=0xFC;
  62            TL0=0x18;
  63            count++;
  64            if(count==1000)
  65            {
  66              count=0;
  67              
  68            }
  69          }
  70          */
  71          
  72          unsigned char Key()
  73          {
  74   1        unsigned char KeyNumber=99;
  75   1        
  76   1        if(P1_0==0) {Delay(20);while(P1_0==0);Delay(20);KeyNumber=0;}
  77   1        if(P1_1==0) {Delay(20);while(P1_1==0);Delay(20);KeyNumber=1;}
  78   1        if(P1_2==0) {Delay(20);while(P1_2==0);Delay(20);KeyNumber=2;}
  79   1        if(P1_3==0) {Delay(20);while(P1_3==0);Delay(20);KeyNumber=3;}
  80   1        
  81   1        return KeyNumber;
  82   1      }
  83          
  84          void initcounter1(unsigned int x)
  85          {
  86   1        TMOD=0x06;
  87   1        TH0=256-x;
  88   1        TL0=256-x;
  89   1        ET0=1;
  90   1        EA=1;
  91   1        TR0=1;
  92   1      }
  93          
  94          // void counter_isr() interrupt 1
  95          //{
  96          //  
  97          //}
  98          
  99          void initex0()    //±ßÑØ´¥·¢
 100          {
 101   1        IT0=1;
 102   1        EX0=1;
 103   1        EA=1;
 104   1      }
 105          
 106          
 107          
 108          //void ex_isr() interrupt 0
 109          //{
 110          //  
 111          //}
 112          
 113          void UartInit(void)
 114          {
 115   1        PCON &= 0x7F;   
 116   1        SCON = 0x50;
C51 COMPILER V9.54   FUNCTIONS                                                             10/07/2022 14:00:38 PAGE 3   

 117   1        TMOD &= 0x0F;
 118   1        TMOD |= 0x20;
 119   1        TL1 = 0xF9;
 120   1        TH1 = 0xF9;
 121   1        ET1 = 0;
 122   1        TR1 = 1;
 123   1      }
 124          
 125          void UartSend(unsigned char Byte)
 126          {
 127   1        SBUF=Byte;
 128   1        while(TI==0);
 129   1        TI=0;
 130   1      }
 131          
 132          
 133          unsigned char duanma[]={0x3F,0x06,0x5B,0x4F,0x66,0x6D,0x7D,0x07,0x7F,0x6F,0x77,0x7C,0x39,0x5E,0x79,0x71};
 134          sbit L1=P2^1;
 135          sbit L0=P2^0;
 136          
 137          void delay()
 138          {
 139   1        unsigned int i,j;
 140   1        for(i=0;i<100;i++);
 141   1        for(j=0;j<10;j++);
 142   1      }
 143          
 144          void shuzi(unsigned int x)
 145          {
 146   1          P1=0x00;
 147   1          L1=0;
 148   1          L0=1;
 149   1          P1=duanma[x%10];
 150   1          delay();
 151   1            
 152   1          L1=1;
 153   1          L0=0;
 154   1          P1=duanma[x/10];
 155   1          delay();
 156   1      }


MODULE INFORMATION:   STATIC OVERLAYABLE
   CODE SIZE        =    294    ----
   CONSTANT SIZE    =   ----    ----
   XDATA SIZE       =   ----    ----
   PDATA SIZE       =   ----    ----
   DATA SIZE        =     34    ----
   IDATA SIZE       =   ----    ----
   BIT SIZE         =   ----    ----
END OF MODULE INFORMATION.


C51 COMPILATION COMPLETE.  0 WARNING(S),  0 ERROR(S)
