C51 COMPILER V9.54   MAIN                                                                  10/07/2022 20:36:54 PAGE 1   


C51 COMPILER V9.54, COMPILATION OF MODULE MAIN
OBJECT MODULE PLACED IN .\Objects\main.obj
COMPILER INVOKED BY: D:\Keil5\C51\BIN\C51.EXE main.c OPTIMIZE(8,SPEED) BROWSE INCDIR(..\1.0Ä£¿é»¯±à³Ì) DEBUG OBJECTEXTEN
                    -D PRINT(.\Listings\main.lst) TABS(2) OBJECT(.\Objects\main.obj)

line level    source

   1          #include <REGX51.H>
   2          #include"Timer0.h"
   3          #include"Delay.h"
   4          #include"shuzi.h"
   5          
   6          unsigned char ledmod[]={0x6f,0x7f,0x07,0x7d,0x6d,0x66,0x4f,0x5b,0x06,0x3f};
   7          sbit L0=P2^0;
   8          sbit L1=P2^1;
   9          sbit green_we=P2^2;
  10          sbit yellow_we=P2^3;
  11          sbit red_we=P2^4;
  12          sbit green_ns=P2^5;
  13          sbit yellow_ns=P2^6;
  14          sbit red_ns=P2^7;
  15          unsigned int i=0;
  16          
  17          void display(unsigned int x)
  18          {
  19   1        L0=1;
  20   1        L1=0;
  21   1        P1=ledmod[x];
  22   1      }
  23          
  24          void Timer0_Routine() interrupt 1
  25          {
  26   1        static unsigned int count0,count1;
  27   1        TH0=0xFC;
  28   1        TL0=0x18;
  29   1        count0++;
  30   1        count1++;
  31   1        if(count0==1000)    //1s
  32   1        {
  33   2          count0=0;
  34   2          for(i=0;i<10;i++)
  35   2          {display(i);Delay(1000);}
  36   2        }
  37   1        if(count1==1000)    //10s
  38   1        {
  39   2          count1=0;
  40   2          red_we=1;
  41   2          green_we=0;
  42   2          for(i=0;i<7;i++)
  43   2            {display(i);Delay(1000);}
  44   2          green_we=1;
  45   2          yellow_we=0;display(7);
  46   2          Delay(1000);
  47   2          yellow_we=1;display(8);
  48   2          Delay(1000);
  49   2          yellow_we=0;display(9);
  50   2          Delay(1000);
  51   2          yellow_we=1;      //20s
  52   2            while(1)
  53   2            {
  54   3              red_we=0;
C51 COMPILER V9.54   MAIN                                                                  10/07/2022 20:36:54 PAGE 2   

  55   3              red_ns=1;
  56   3              green_ns=0;
  57   3              for(i=0;i<7;i++)
  58   3                {display(i);Delay(1000);}
  59   3              green_ns=1;
  60   3              yellow_ns=0;display(7);
  61   3              Delay(1000);
  62   3              yellow_ns=1;display(8);
  63   3              Delay(1000);
  64   3              yellow_ns=0;display(9);
  65   3              Delay(1000);
  66   3              yellow_ns=1;
  67   3                break;        //30s
  68   3            }
  69   2        }
  70   1      }
  71          
  72          
  73          
  74          void main()
  75          { 
  76   1        
  77   1        Timer0Init();
  78   1        while(1)
  79   1        {
  80   2          red_we=0;
  81   2          red_ns=0;
  82   2          shuzi(10);
  83   2        }
  84   1      }


MODULE INFORMATION:   STATIC OVERLAYABLE
   CODE SIZE        =    356    ----
   CONSTANT SIZE    =   ----    ----
   XDATA SIZE       =   ----    ----
   PDATA SIZE       =   ----    ----
   DATA SIZE        =     16    ----
   IDATA SIZE       =   ----    ----
   BIT SIZE         =   ----    ----
END OF MODULE INFORMATION.


C51 COMPILATION COMPLETE.  0 WARNING(S),  0 ERROR(S)
