C51 COMPILER V9.54   CARMAX                                                                11/09/2022 00:03:21 PAGE 1   


C51 COMPILER V9.54, COMPILATION OF MODULE CARMAX
OBJECT MODULE PLACED IN .\Objects\carmax.obj
COMPILER INVOKED BY: D:\Keil5\C51\BIN\C51.EXE carmax.c OPTIMIZE(8,SPEED) BROWSE DEBUG OBJECTEXTEND PRINT(.\Listings\carm
                    -ax.lst) TABS(2) OBJECT(.\Objects\carmax.obj)

line level    source

   1          #include <REGX51.H>
   2          sbit IN1=P2^1;
   3          sbit EN1=P2^2;
   4          sbit IN2=P2^3;
   5          sbit IN3=P2^4;
   6          sbit EN2=P2^5;
   7          sbit IN4=P2^6;  
   8          void carmax()
   9          {
  10   1        EN1=1;
  11   1        EN2=1;
  12   1        IN1=1;
  13   1        IN2=0;
  14   1        IN3=1;
  15   1        IN4=0;
  16   1      }
  17          


MODULE INFORMATION:   STATIC OVERLAYABLE
   CODE SIZE        =     13    ----
   CONSTANT SIZE    =   ----    ----
   XDATA SIZE       =   ----    ----
   PDATA SIZE       =   ----    ----
   DATA SIZE        =   ----    ----
   IDATA SIZE       =   ----    ----
   BIT SIZE         =   ----    ----
END OF MODULE INFORMATION.


C51 COMPILATION COMPLETE.  0 WARNING(S),  0 ERROR(S)
