C51 COMPILER V9.54   MAIN                                                                  11/09/2022 00:03:08 PAGE 1   


C51 COMPILER V9.54, COMPILATION OF MODULE MAIN
OBJECT MODULE PLACED IN .\Objects\main.obj
COMPILER INVOKED BY: D:\Keil5\C51\BIN\C51.EXE main.c OPTIMIZE(8,SPEED) BROWSE DEBUG OBJECTEXTEND PRINT(.\Listings\main.l
                    -st) TABS(2) OBJECT(.\Objects\main.obj)

line level    source

   1          #include <REGX51.H>
   2          typedef unsigned char uint8_t;
   3          typedef unsigned int uint16_t;
   4          typedef unsigned long int uint32_t;
   5          typedef char int8_t;
   6          typedef int int16_t;
   7          typedef long int int32_t;
   8          sbit left=P3^5;     //st188 left
   9          sbit right=P3^4;    //st188 right
  10          sbit IN1=P2^1;
  11          sbit ENl=P2^2;
  12          sbit IN2=P2^3;
  13          sbit IN3=P2^4;
  14          sbit EN2=P2^5;
  15          sbit IN4=P2^6;    
  16          uint16_t T_count = 0;
  17          int16_t flag=0;
  18          int16_t n=0;
  19          void main()
  20          {
  21   1        TMOD = 0X01;
  22   1        TH0 = (65536-10)%256; 
  23   1        TL0 = (65536-10)/256;
  24   1        TR0 = 1;
  25   1        ET0 = 1;
  26   1        EA = 1;
  27   1        while(1)
  28   1          {
  29   2            IN1=1;
  30   2            IN2=0;
  31   2            IN3=1;
  32   2            IN4=0;
  33   2            if(left==1 &&right==0){
  34   3              enablel=0;
*** ERROR C202 IN LINE 34 OF main.c: 'enablel': undefined identifier
  35   3              flag=1;
  36   3        }
  37   2           if(right==1 && left==0){
  38   3              enabler=0;
*** ERROR C202 IN LINE 38 OF main.c: 'enabler': undefined identifier
  39   3              flag=1;
  40   3        }
  41   2           if(right==1 && left==1)
  42   2       {      
  43   3              enablel=0;
*** ERROR C202 IN LINE 43 OF main.c: 'enablel': undefined identifier
  44   3              enabler=0;
*** ERROR C202 IN LINE 44 OF main.c: 'enabler': undefined identifier
  45   3       }
  46   2            }
  47   1      }
  48          void Timer0() interrupt 1
  49          {
  50   1        TH0 = (65536-10)%256; 
C51 COMPILER V9.54   MAIN                                                                  11/09/2022 00:03:08 PAGE 2   

  51   1        TL0 = (65536-10)/256;//T=1ms
  52   1        T_count++;
  53   1        if(flag==1){
  54   2          n=2;
  55   2          flag=0;
  56   2        }
  57   1        if(T_count<= (15+n)){
  58   2          enablel=0;
*** ERROR C202 IN LINE 58 OF main.c: 'enablel': undefined identifier
  59   2          enabler=0;
*** ERROR C202 IN LINE 59 OF main.c: 'enabler': undefined identifier
  60   2        }
  61   1        else if (T_count>(15+n)){
  62   2          enablel=1;
*** ERROR C202 IN LINE 62 OF main.c: 'enablel': undefined identifier
  63   2          enabler=1;
*** ERROR C202 IN LINE 63 OF main.c: 'enabler': undefined identifier
  64   2        }
  65   1        n=0;
  66   1        if(T_count%20==0){
  67   2          T_count=0;
  68   2        }
  69   1      }

C51 COMPILATION COMPLETE.  0 WARNING(S),  8 ERROR(S)
