C51 COMPILER V9.54   MAIN                                                                  10/03/2022 16:52:56 PAGE 1   


C51 COMPILER V9.54, COMPILATION OF MODULE MAIN
OBJECT MODULE PLACED IN .\Objects\main.obj
COMPILER INVOKED BY: D:\Keil5\C51\BIN\C51.EXE main.c OPTIMIZE(8,SPEED) BROWSE DEBUG OBJECTEXTEND PRINT(.\Listings\main.l
                    -st) TABS(2) OBJECT(.\Objects\main.obj)

line level    source

   1          #include <REGX51.H>
   2          
   3          void Delay1ms(unsigned int xms)   
   4          {
   5   1        unsigned char i, j;
   6   1        while(xms)
   7   1        {
   8   2          i = 2;
   9   2          j = 239;
  10   2          do
  11   2          {
  12   3            while (--j);
  13   3          } while (--i);
  14   2          xms--;
  15   2        }
  16   1        
  17   1      }
  18          
  19          int num1,num2,num3,num4;
  20          void main()
  21          {
  22   1        while(1)
  23   1          {
  24   2            if(P1_0==0)
  25   2            {
  26   3              Delay1ms(20);
  27   3              while(P1_0==0);
  28   3              Delay1ms(20);
  29   3              num1=0x01;
  30   3              num2=num1<<num3;
  31   3              P2=~num2;
  32   3              num3++;
  33   3              if(num3==8)
  34   3                num3=0;
  35   3            }
  36   2            if(P1_1==0)
  37   2            {
  38   3              Delay1ms(20);
  39   3              while(P1_1==0);
  40   3              Delay1ms(20);
  41   3              num1=0x01;
  42   3              if(num3==0)
  43   3                num3=7;
  44   3              else
  45   3                num3--;
  46   3              num4=num1<<num3;
  47   3              P2=~num4;
  48   3            }
  49   2              
  50   2          }
  51   1      }


MODULE INFORMATION:   STATIC OVERLAYABLE
C51 COMPILER V9.54   MAIN                                                                  10/03/2022 16:52:56 PAGE 2   

   CODE SIZE        =    148    ----
   CONSTANT SIZE    =   ----    ----
   XDATA SIZE       =   ----    ----
   PDATA SIZE       =   ----    ----
   DATA SIZE        =      8    ----
   IDATA SIZE       =   ----    ----
   BIT SIZE         =   ----    ----
END OF MODULE INFORMATION.


C51 COMPILATION COMPLETE.  0 WARNING(S),  0 ERROR(S)
