C51 COMPILER V9.54   MAIN                                                                  10/06/2022 09:52:39 PAGE 1   


C51 COMPILER V9.54, COMPILATION OF MODULE MAIN
OBJECT MODULE PLACED IN .\Objects\main.obj
COMPILER INVOKED BY: D:\Keil5\C51\BIN\C51.EXE main.c OPTIMIZE(8,SPEED) BROWSE INCDIR(..\1.0Ä£¿é»¯±à³Ì) DEBUG OBJECTEXTEN
                    -D PRINT(.\Listings\main.lst) TABS(2) OBJECT(.\Objects\main.obj)

line level    source

   1          #include <REGX51.H>
   2          #include"Delay.h"
   3          #include"display.h"
   4          #include"place.h"
   5          #include"play.h"
   6          #include"Timer0.h"
   7          #include"Key.h"
   8          #include<INTRINS.H>
   9          #include"initcounter1.h"
  10          #include"initex0.h"
  11          
  12          unsigned char num=0;
  13          
  14          void ex_isr() interrupt 0
  15          {
  16   1        num++;
  17   1      }
  18          
  19          void main()
  20          {
  21   1        while(1)
  22   1        {
  23   2          initex0();
  24   2          if(num==10)
  25   2            num=0;
  26   2          display(num);
  27   2        }
  28   1      }


MODULE INFORMATION:   STATIC OVERLAYABLE
   CODE SIZE        =     23    ----
   CONSTANT SIZE    =   ----    ----
   XDATA SIZE       =   ----    ----
   PDATA SIZE       =   ----    ----
   DATA SIZE        =      1    ----
   IDATA SIZE       =   ----    ----
   BIT SIZE         =   ----    ----
END OF MODULE INFORMATION.


C51 COMPILATION COMPLETE.  0 WARNING(S),  0 ERROR(S)
