C51 COMPILER V9.54   MAIN                                                                  10/03/2022 09:23:51 PAGE 1   


C51 COMPILER V9.54, COMPILATION OF MODULE MAIN
OBJECT MODULE PLACED IN .\Objects\main.obj
COMPILER INVOKED BY: D:\Keil5\C51\BIN\C51.EXE main.c OPTIMIZE(8,SPEED) BROWSE DEBUG OBJECTEXTEND PRINT(.\Listings\main.l
                    -st) TABS(2) OBJECT(.\Objects\main.obj)

line level    source

   1          #include <REGX51.H>
   2          
   3          void Delay1ms(unsigned int xms)   
   4          {
   5   1        unsigned char i, j;
   6   1        while(xms)
   7   1        {
   8   2          i = 2;
   9   2          j = 239;
  10   2          do
  11   2          {
  12   3            while (--j);
  13   3          } while (--i);
  14   2          xms--;
  15   2        }
  16   1        
  17   1      }
  18          
  19          void main()
  20          {
  21   1        while(1)
  22   1        {
  23   2          P2=0x5B;//0101 1011:2
  24   2          Delay1ms(500);
  25   2          P2=0x00;
  26   2          Delay1ms(500);
  27   2          P2=0x6D;//0110 1101:5
  28   2          Delay1ms(500);
  29   2          P2=0x00;
  30   2          Delay1ms(500);
  31   2          P2=0x3F;//0011 1111:0
  32   2          Delay1ms(500);
  33   2          P2=0x00;
  34   2          Delay1ms(500);
  35   2        }
  36   1      }


MODULE INFORMATION:   STATIC OVERLAYABLE
   CODE SIZE        =     54    ----
   CONSTANT SIZE    =   ----    ----
   XDATA SIZE       =   ----    ----
   PDATA SIZE       =   ----    ----
   DATA SIZE        =   ----    ----
   IDATA SIZE       =   ----    ----
   BIT SIZE         =   ----    ----
END OF MODULE INFORMATION.


C51 COMPILATION COMPLETE.  0 WARNING(S),  0 ERROR(S)
