C51 COMPILER V9.54   MAIN                                                                  10/06/2022 19:40:15 PAGE 1   


C51 COMPILER V9.54, COMPILATION OF MODULE MAIN
OBJECT MODULE PLACED IN .\Objects\main.obj
COMPILER INVOKED BY: D:\Keil5\C51\BIN\C51.EXE main.c OPTIMIZE(8,SPEED) BROWSE DEBUG OBJECTEXTEND PRINT(.\Listings\main.l
                    -st) TABS(2) OBJECT(.\Objects\main.obj)

line level    source

   1          #include <REGX51.H>
   2          #include<INTRINS.H>
   3          //#include"functions.h"
   4          
   5          unsigned char recdat=0,flag=0;
   6          
   7          void senddat()
   8          {
   9   1        SBUF=recdat;
  10   1        while(!TI);
  11   1        TI=0;
  12   1      }
  13          
  14          void initscon()
  15          {
  16   1        SCON=0x50;
  17   1        TMOD=0x20;
  18   1        TH1=256-3;
  19   1        TL1=256-3;
  20   1        ES=1;
  21   1        EA=1;
  22   1        TR1=1;
  23   1      }
  24          
  25          void main()
  26          {
  27   1        initscon();
  28   1        while(1)
  29   1        {
  30   2          if(flag==1)
  31   2          {
  32   3            senddat();
  33   3            flag=0;
  34   3          }
  35   2        }
  36   1      }
  37          
  38          void scon_isr() interrupt 4
  39          {
  40   1        recdat=SBUF;
  41   1        RI=0;
  42   1        flag=1;
  43   1      }
  44            


MODULE INFORMATION:   STATIC OVERLAYABLE
   CODE SIZE        =     53    ----
   CONSTANT SIZE    =   ----    ----
   XDATA SIZE       =   ----    ----
   PDATA SIZE       =   ----    ----
   DATA SIZE        =      2    ----
   IDATA SIZE       =   ----    ----
   BIT SIZE         =   ----    ----
C51 COMPILER V9.54   MAIN                                                                  10/06/2022 19:40:15 PAGE 2   

END OF MODULE INFORMATION.


C51 COMPILATION COMPLETE.  0 WARNING(S),  0 ERROR(S)
