C51 COMPILER V9.54   MAIN                                                                  10/05/2022 17:31:28 PAGE 1   


C51 COMPILER V9.54, COMPILATION OF MODULE MAIN
OBJECT MODULE PLACED IN .\Objects\main.obj
COMPILER INVOKED BY: D:\Keil5\C51\BIN\C51.EXE main.c OPTIMIZE(8,SPEED) BROWSE INCDIR(..\Ä£¿é»¯±à³Ì) DEBUG OBJECTEXTEND P
                    -RINT(.\Listings\main.lst) TABS(2) OBJECT(.\Objects\main.obj)

line level    source

   1          #include <REGX51.H>
   2          #include"Delay.h"
   3          #include"display.h"
   4          #include"place.h"
   5          #include"play.h"
   6          #include"Timer0.h"
   7          #include"Key.h"
   8          #include<INTRINS.H>
   9          
  10          unsigned char num1=0;num2=0;
  11          void Timer0_Routine() interrupt 1
  12          {
  13   1        static unsigned int count1,count2;
  14   1        TH0=0xFC;
  15   1        TL0=0x18;
  16   1        count1++;
  17   1        count2++;
  18   1        if(count1==1000)
  19   1        {
  20   2          count1=0;
  21   2          num1++;
  22   2        }
  23   1        if(count2==10000)
  24   1        {
  25   2          count2=0;
  26   2          num2++;
  27   2        }
  28   1      }
  29          
  30          void main()
  31          {
  32   1        Timer0Init();
  33   1        while(1)
  34   1        {
  35   2          if(num1==10) num1=0;
  36   2          if(num2==8) num2=0;
  37   2          place(num2);
  38   2          display(num1);
  39   2        }
  40   1      }


MODULE INFORMATION:   STATIC OVERLAYABLE
   CODE SIZE        =    112    ----
   CONSTANT SIZE    =   ----    ----
   XDATA SIZE       =   ----    ----
   PDATA SIZE       =   ----    ----
   DATA SIZE        =      7    ----
   IDATA SIZE       =   ----    ----
   BIT SIZE         =   ----    ----
END OF MODULE INFORMATION.


C51 COMPILATION COMPLETE.  0 WARNING(S),  0 ERROR(S)
