C51 COMPILER V9.54   PLAY                                                                  10/05/2022 17:31:28 PAGE 1   


C51 COMPILER V9.54, COMPILATION OF MODULE PLAY
OBJECT MODULE PLACED IN .\Objects\play.obj
COMPILER INVOKED BY: D:\Keil5\C51\BIN\C51.EXE ..\模块化编程\play.c OPTIMIZE(8,SPEED) BROWSE INCDIR(..\模块化编程) DEBUG 
                    -OBJECTEXTEND PRINT(.\Listings\play.lst) TABS(2) OBJECT(.\Objects\play.obj)

line level    source

   1          #include <REGX51.H>
   2          #include"display.h"
   3          #include"Delay.h"
   4          
   5          void play()
   6          {
   7   1        int i=0;
   8   1        for(i=0;i<10;i++)
   9   1        {
  10   2          display(i);
  11   2          Delay(500);
  12   2        }
  13   1      }


MODULE INFORMATION:   STATIC OVERLAYABLE
   CODE SIZE        =     43    ----
   CONSTANT SIZE    =   ----    ----
   XDATA SIZE       =   ----    ----
   PDATA SIZE       =   ----    ----
   DATA SIZE        =   ----       2
   IDATA SIZE       =   ----    ----
   BIT SIZE         =   ----    ----
END OF MODULE INFORMATION.


C51 COMPILATION COMPLETE.  0 WARNING(S),  0 ERROR(S)
