C51 COMPILER V9.54   MAIN                                                                  10/03/2022 20:06:28 PAGE 1   


C51 COMPILER V9.54, COMPILATION OF MODULE MAIN
OBJECT MODULE PLACED IN .\Objects\main.obj
COMPILER INVOKED BY: D:\Keil5\C51\BIN\C51.EXE main.c OPTIMIZE(8,SPEED) BROWSE DEBUG OBJECTEXTEND PRINT(.\Listings\main.l
                    -st) TABS(2) OBJECT(.\Objects\main.obj)

line level    source

   1          #include <REGX51.H>
   2          
   3          void Delay1ms(unsigned int xms)   
   4          {
   5   1        unsigned char i, j;
   6   1        while(xms)
   7   1        {
   8   2          i = 2;
   9   2          j = 239;
  10   2          do
  11   2          {
  12   3            while (--j);
  13   3          } while (--i);
  14   2          xms--;
  15   2        }
  16   1        
  17   1      }
  18          
  19          unsigned char ch1[]={0x76,0x79,0x38,0x38,0x3F,0x00,0x6D,0x7F};
  20          unsigned char ch2[]={0x00,0x01,0X02,0x03,0x04,0x05,0x06,0x07};
  21          void main()
  22          {
  23   1        while(1)
  24   1        {
  25   2          int i=0;
  26   2          for(i=0;i<8;i++)
  27   2          {
  28   3            P3=ch2[i];
  29   3            P2=ch1[i];
  30   3            Delay1ms(5);
  31   3          }
  32   2        }
  33   1      }


MODULE INFORMATION:   STATIC OVERLAYABLE
   CODE SIZE        =     73    ----
   CONSTANT SIZE    =   ----    ----
   XDATA SIZE       =   ----    ----
   PDATA SIZE       =   ----    ----
   DATA SIZE        =     16       2
   IDATA SIZE       =   ----    ----
   BIT SIZE         =   ----    ----
END OF MODULE INFORMATION.


C51 COMPILATION COMPLETE.  0 WARNING(S),  0 ERROR(S)
